<?xml version="1.0" encoding="UTF-8"?>
<testsuite errors="0" failures="0" file="decode_significant_figure_tests.py" name="decode_significant_figure_tests.TestDecodeSignificantFigures-20191013164407" skipped="0" tests="2" time="0.001" timestamp="2019-10-13T16:44:07">
	<testcase classname="decode_significant_figure_tests.TestDecodeSignificantFigures" file="src/unittest/python/decode_significant_figure_tests.py" line="7" name="testGetDigitsInOrderOf5BandResistor" time="0.000" timestamp="2019-10-13T16:44:07">
		<system-out>
<![CDATA[]]>		</system-out>
		<system-err>
<![CDATA[]]>		</system-err>
	</testcase>
	<testcase classname="decode_significant_figure_tests.TestDecodeSignificantFigures" file="src/unittest/python/decode_significant_figure_tests.py" line="10" name="testGetDigitsInReverseOrderOf5BandResistor" time="0.000" timestamp="2019-10-13T16:44:07">
		<system-out>
<![CDATA[]]>		</system-out>
		<system-err>
<![CDATA[]]>		</system-err>
	</testcase>
</testsuite>
