<?xml version="1.0" encoding="UTF-8"?>
<testsuite errors="0" failures="0" file="formatted_resistance_string_tests.py" name="formatted_resistance_string_tests.TestCreateFormattedResistanceString-20191013165202" skipped="0" tests="1" time="0.000" timestamp="2019-10-13T16:52:02">
	<testcase classname="formatted_resistance_string_tests.TestCreateFormattedResistanceString" file="src/unittest/python/formatted_resistance_string_tests.py" line="7" name="testCreateStringWith4ValidBands" time="0.000" timestamp="2019-10-13T16:52:02">
		<system-out>
<![CDATA[]]>		</system-out>
		<system-err>
<![CDATA[]]>		</system-err>
	</testcase>
</testsuite>
