<?xml version="1.0" encoding="UTF-8"?>
<testsuite errors="0" failures="0" file="validate_colors_list_tests.py" name="validate_colors_list_tests.TestValidateColorsList-20191012191522" skipped="0" tests="1" time="0.006" timestamp="2019-10-12T19:15:22">
	<testcase classname="validate_colors_list_tests.TestValidateColorsList" file="src/unittest/python/validate_colors_list_tests.py" line="11" name="testInvalidNumberOf3Bands" time="0.006" timestamp="2019-10-12T19:15:22">
		<system-out>
<![CDATA[]]>		</system-out>
		<system-err>
<![CDATA[]]>		</system-err>
	</testcase>
</testsuite>
