<?xml version="1.0" encoding="UTF-8"?>
<testsuite errors="0" failures="0" file="decode_multiplier_tests.py" name="decode_multiplier_tests.TestValidateColorsList-20191013162702" skipped="0" tests="1" time="0.019" timestamp="2019-10-13T16:27:02">
	<testcase classname="decode_multiplier_tests.TestValidateColorsList" file="src/unittest/python/decode_multiplier_tests.py" line="8" name="testGetMultiplierBlackBand" time="0.019" timestamp="2019-10-13T16:27:02">
		<system-out>
<![CDATA[]]>		</system-out>
		<system-err>
<![CDATA[]]>		</system-err>
	</testcase>
</testsuite>
