<?xml version="1.0" encoding="UTF-8"?>
<testsuite errors="0" failures="0" file="decode_resistance_tests.py" name="decode_resistance_tests.TestDecodeResistance-20191021150212" skipped="0" tests="6" time="0.007" timestamp="2019-10-21T15:02:12">
	<testcase classname="decode_resistance_tests.TestDecodeResistance" file="src/unittest/python/decode_resistance_tests.py" line="41" name="testDecodeReistanceHighMultiplerAndTolerance4Band" time="0.001" timestamp="2019-10-21T15:02:12">
		<system-out>
<![CDATA[]]>		</system-out>
		<system-err>
<![CDATA[]]>		</system-err>
	</testcase>
	<testcase classname="decode_resistance_tests.TestDecodeResistance" file="src/unittest/python/decode_resistance_tests.py" line="48" name="testDecodeReistanceHighMultiplerAndTolerance5Band" time="0.001" timestamp="2019-10-21T15:02:12">
		<system-out>
<![CDATA[]]>		</system-out>
		<system-err>
<![CDATA[]]>		</system-err>
	</testcase>
	<testcase classname="decode_resistance_tests.TestDecodeResistance" file="src/unittest/python/decode_resistance_tests.py" line="9" name="testDecodeReistanceLowMultiplerAndTolerance4Band" time="0.001" timestamp="2019-10-21T15:02:12">
		<system-out>
<![CDATA[]]>		</system-out>
		<system-err>
<![CDATA[]]>		</system-err>
	</testcase>
	<testcase classname="decode_resistance_tests.TestDecodeResistance" file="src/unittest/python/decode_resistance_tests.py" line="16" name="testDecodeReistanceLowMultiplerAndTolerance5Band" time="0.001" timestamp="2019-10-21T15:02:12">
		<system-out>
<![CDATA[]]>		</system-out>
		<system-err>
<![CDATA[]]>		</system-err>
	</testcase>
	<testcase classname="decode_resistance_tests.TestDecodeResistance" file="src/unittest/python/decode_resistance_tests.py" line="25" name="testDecodeReistanceMediumMultiplerAndTolerance4Band" time="0.001" timestamp="2019-10-21T15:02:12">
		<system-out>
<![CDATA[]]>		</system-out>
		<system-err>
<![CDATA[]]>		</system-err>
	</testcase>
	<testcase classname="decode_resistance_tests.TestDecodeResistance" file="src/unittest/python/decode_resistance_tests.py" line="32" name="testDecodeReistanceMediumMultiplerAndTolerance5Band" time="0.001" timestamp="2019-10-21T15:02:12">
		<system-out>
<![CDATA[]]>		</system-out>
		<system-err>
<![CDATA[]]>		</system-err>
	</testcase>
</testsuite>
