<?xml version="1.0" encoding="UTF-8"?>
<testsuite errors="0" failures="0" file="decode_resistance_tests.py" name="decode_resistance_tests.TestDecodeResistance-20191013171434" skipped="0" tests="1" time="0.000" timestamp="2019-10-13T17:14:34">
	<testcase classname="decode_resistance_tests.TestDecodeResistance" file="src/unittest/python/decode_resistance_tests.py" line="9" name="testDecodeReistanceLowMultiplerAndTolerance4Band" time="0.000" timestamp="2019-10-13T17:14:34">
		<system-out>
<![CDATA[]]>		</system-out>
		<system-err>
<![CDATA[]]>		</system-err>
	</testcase>
</testsuite>
