<?xml version="1.0" encoding="UTF-8"?>
<testsuite errors="0" failures="0" file="decode_significant_figure_tests.py" name="decode_significant_figure_tests.TestDecodeSignificantFigures-20191021153145" skipped="0" tests="4" time="0.002" timestamp="2019-10-21T15:31:46">
	<testcase classname="decode_significant_figure_tests.TestDecodeSignificantFigures" file="src/unittest/python/decode_significant_figure_tests.py" line="13" name="testGetDigitsInOrderOf4BandResistor" time="0.001" timestamp="2019-10-21T15:31:46">
		<system-out>
<![CDATA[]]>		</system-out>
		<system-err>
<![CDATA[]]>		</system-err>
	</testcase>
	<testcase classname="decode_significant_figure_tests.TestDecodeSignificantFigures" file="src/unittest/python/decode_significant_figure_tests.py" line="7" name="testGetDigitsInOrderOf5BandResistor" time="0.001" timestamp="2019-10-21T15:31:46">
		<system-out>
<![CDATA[]]>		</system-out>
		<system-err>
<![CDATA[]]>		</system-err>
	</testcase>
	<testcase classname="decode_significant_figure_tests.TestDecodeSignificantFigures" file="src/unittest/python/decode_significant_figure_tests.py" line="16" name="testGetDigitsInReverseOrderOf4BandResistor" time="0.001" timestamp="2019-10-21T15:31:46">
		<system-out>
<![CDATA[]]>		</system-out>
		<system-err>
<![CDATA[]]>		</system-err>
	</testcase>
	<testcase classname="decode_significant_figure_tests.TestDecodeSignificantFigures" file="src/unittest/python/decode_significant_figure_tests.py" line="10" name="testGetDigitsInReverseOrderOf5BandResistor" time="0.001" timestamp="2019-10-21T15:31:46">
		<system-out>
<![CDATA[]]>		</system-out>
		<system-err>
<![CDATA[]]>		</system-err>
	</testcase>
</testsuite>
