<?xml version="1.0" encoding="UTF-8"?>
<testsuite errors="0" failures="0" file="decode_multiplier_tests.py" name="decode_multiplier_tests.TestDecodeMultiplier-20191021153145" skipped="0" tests="12" time="0.034" timestamp="2019-10-21T15:31:45">
	<testcase classname="decode_multiplier_tests.TestDecodeMultiplier" file="src/unittest/python/decode_multiplier_tests.py" line="7" name="testGetMultiplierBlackBand" time="0.014" timestamp="2019-10-21T15:31:45">
		<system-out>
<![CDATA[]]>		</system-out>
		<system-err>
<![CDATA[]]>		</system-err>
	</testcase>
	<testcase classname="decode_multiplier_tests.TestDecodeMultiplier" file="src/unittest/python/decode_multiplier_tests.py" line="34" name="testGetMultiplierBlueBand" time="0.001" timestamp="2019-10-21T15:31:45">
		<system-out>
<![CDATA[]]>		</system-out>
		<system-err>
<![CDATA[]]>		</system-err>
	</testcase>
	<testcase classname="decode_multiplier_tests.TestDecodeMultiplier" file="src/unittest/python/decode_multiplier_tests.py" line="11" name="testGetMultiplierBrownBand" time="0.001" timestamp="2019-10-21T15:31:45">
		<system-out>
<![CDATA[]]>		</system-out>
		<system-err>
<![CDATA[]]>		</system-err>
	</testcase>
	<testcase classname="decode_multiplier_tests.TestDecodeMultiplier" file="src/unittest/python/decode_multiplier_tests.py" line="54" name="testGetMultiplierGoldBand" time="0.001" timestamp="2019-10-21T15:31:45">
		<system-out>
<![CDATA[]]>		</system-out>
		<system-err>
<![CDATA[]]>		</system-err>
	</testcase>
	<testcase classname="decode_multiplier_tests.TestDecodeMultiplier" file="src/unittest/python/decode_multiplier_tests.py" line="29" name="testGetMultiplierGreenBand" time="0.009" timestamp="2019-10-21T15:31:45">
		<system-out>
<![CDATA[]]>		</system-out>
		<system-err>
<![CDATA[]]>		</system-err>
	</testcase>
	<testcase classname="decode_multiplier_tests.TestDecodeMultiplier" file="src/unittest/python/decode_multiplier_tests.py" line="44" name="testGetMultiplierGreyBand" time="0.001" timestamp="2019-10-21T15:31:45">
		<system-out>
<![CDATA[]]>		</system-out>
		<system-err>
<![CDATA[]]>		</system-err>
	</testcase>
	<testcase classname="decode_multiplier_tests.TestDecodeMultiplier" file="src/unittest/python/decode_multiplier_tests.py" line="19" name="testGetMultiplierOrangeBand" time="0.001" timestamp="2019-10-21T15:31:45">
		<system-out>
<![CDATA[]]>		</system-out>
		<system-err>
<![CDATA[]]>		</system-err>
	</testcase>
	<testcase classname="decode_multiplier_tests.TestDecodeMultiplier" file="src/unittest/python/decode_multiplier_tests.py" line="15" name="testGetMultiplierRedBand" time="0.003" timestamp="2019-10-21T15:31:45">
		<system-out>
<![CDATA[]]>		</system-out>
		<system-err>
<![CDATA[]]>		</system-err>
	</testcase>
	<testcase classname="decode_multiplier_tests.TestDecodeMultiplier" file="src/unittest/python/decode_multiplier_tests.py" line="58" name="testGetMultiplierSilverBand" time="0.001" timestamp="2019-10-21T15:31:45">
		<system-out>
<![CDATA[]]>		</system-out>
		<system-err>
<![CDATA[]]>		</system-err>
	</testcase>
	<testcase classname="decode_multiplier_tests.TestDecodeMultiplier" file="src/unittest/python/decode_multiplier_tests.py" line="39" name="testGetMultiplierVioletBand" time="0.001" timestamp="2019-10-21T15:31:45">
		<system-out>
<![CDATA[]]>		</system-out>
		<system-err>
<![CDATA[]]>		</system-err>
	</testcase>
	<testcase classname="decode_multiplier_tests.TestDecodeMultiplier" file="src/unittest/python/decode_multiplier_tests.py" line="49" name="testGetMultiplierWhiteBand" time="0.001" timestamp="2019-10-21T15:31:45">
		<system-out>
<![CDATA[]]>		</system-out>
		<system-err>
<![CDATA[]]>		</system-err>
	</testcase>
	<testcase classname="decode_multiplier_tests.TestDecodeMultiplier" file="src/unittest/python/decode_multiplier_tests.py" line="24" name="testGetMultiplierYellowBand" time="0.001" timestamp="2019-10-21T15:31:45">
		<system-out>
<![CDATA[]]>		</system-out>
		<system-err>
<![CDATA[]]>		</system-err>
	</testcase>
</testsuite>
