<?xml version="1.0" encoding="UTF-8"?>
<testsuite errors="0" failures="0" file="formatted_resistance_string_tests.py" name="formatted_resistance_string_tests.TestCreateFormattedResistanceString-20191013165919" skipped="0" tests="3" time="0.007" timestamp="2019-10-13T16:59:20">
	<testcase classname="formatted_resistance_string_tests.TestCreateFormattedResistanceString" file="src/unittest/python/formatted_resistance_string_tests.py" line="9" name="testCreateStringLowMultiplierLowTolerance4Band" time="0.000" timestamp="2019-10-13T16:59:19">
		<system-out>
<![CDATA[]]>		</system-out>
		<system-err>
<![CDATA[]]>		</system-err>
	</testcase>
	<testcase classname="formatted_resistance_string_tests.TestCreateFormattedResistanceString" file="src/unittest/python/formatted_resistance_string_tests.py" line="13" name="testCreateStringLowMultiplierLowTolerance5Band" time="0.000" timestamp="2019-10-13T16:59:19">
		<system-out>
<![CDATA[]]>		</system-out>
		<system-err>
<![CDATA[]]>		</system-err>
	</testcase>
	<testcase classname="formatted_resistance_string_tests.TestCreateFormattedResistanceString" file="src/unittest/python/formatted_resistance_string_tests.py" line="19" name="testCreateStringMediumMultiplierMediumTolerance4Band" time="0.006" timestamp="2019-10-13T16:59:20">
		<system-out>
<![CDATA[]]>		</system-out>
		<system-err>
<![CDATA[]]>		</system-err>
	</testcase>
</testsuite>
