<?xml version="1.0" encoding="UTF-8"?>
<testsuite errors="9" failures="0" file="decode_tolerance_tests.py" name="decode_tolerance_tests.TestDecodeTolerance-20191013161944" skipped="0" tests="9" time="0.002" timestamp="2019-10-13T16:19:44">
	<testcase classname="decode_tolerance_tests.TestDecodeTolerance" file="src/unittest/python/decode_tolerance_tests.py" line="16" name="testGetToleranceBlueBand" time="0.001" timestamp="2019-10-13T16:19:44">
		<error message="unhashable type: 'list'" type="TypeError">
<![CDATA[Traceback (most recent call last):
  File "/home/student/Desktop/SystemProgramming/Projects/NolanWilliamsProject2/src/unittest/python/decode_tolerance_tests.py", line 17, in testGetToleranceBlueBand
    self.assertEquals(0.25, decodeTolerance([["brown", "red", "blue", "blue"]]))
  File "/home/student/Desktop/SystemProgramming/Projects/NolanWilliamsProject2/src/main/python/resistor.py", line 44, in decodeTolerance
    return resistor_colors[last_band]["tolerance"]
TypeError: unhashable type: 'list'
]]>		</error>
		<system-out>
<![CDATA[]]>		</system-out>
		<system-err>
<![CDATA[]]>		</system-err>
	</testcase>
	<testcase classname="decode_tolerance_tests.TestDecodeTolerance" file="src/unittest/python/decode_tolerance_tests.py" line="7" name="testGetToleranceBrownBand" time="0.000" timestamp="2019-10-13T16:19:44">
		<error message="unhashable type: 'list'" type="TypeError">
<![CDATA[Traceback (most recent call last):
  File "/home/student/Desktop/SystemProgramming/Projects/NolanWilliamsProject2/src/unittest/python/decode_tolerance_tests.py", line 8, in testGetToleranceBrownBand
    self.assertEquals(1, decodeTolerance([["brown", "red", "blue", "brown"]]))
  File "/home/student/Desktop/SystemProgramming/Projects/NolanWilliamsProject2/src/main/python/resistor.py", line 44, in decodeTolerance
    return resistor_colors[last_band]["tolerance"]
TypeError: unhashable type: 'list'
]]>		</error>
		<system-out>
<![CDATA[]]>		</system-out>
		<system-err>
<![CDATA[]]>		</system-err>
	</testcase>
	<testcase classname="decode_tolerance_tests.TestDecodeTolerance" file="src/unittest/python/decode_tolerance_tests.py" line="25" name="testGetToleranceGoldBand" time="0.000" timestamp="2019-10-13T16:19:44">
		<error message="unhashable type: 'list'" type="TypeError">
<![CDATA[Traceback (most recent call last):
  File "/home/student/Desktop/SystemProgramming/Projects/NolanWilliamsProject2/src/unittest/python/decode_tolerance_tests.py", line 26, in testGetToleranceGoldBand
    self.assertEquals(5, decodeTolerance([["brown", "red", "blue", "gold"]]))
  File "/home/student/Desktop/SystemProgramming/Projects/NolanWilliamsProject2/src/main/python/resistor.py", line 44, in decodeTolerance
    return resistor_colors[last_band]["tolerance"]
TypeError: unhashable type: 'list'
]]>		</error>
		<system-out>
<![CDATA[]]>		</system-out>
		<system-err>
<![CDATA[]]>		</system-err>
	</testcase>
	<testcase classname="decode_tolerance_tests.TestDecodeTolerance" file="src/unittest/python/decode_tolerance_tests.py" line="13" name="testGetToleranceGreenBand" time="0.000" timestamp="2019-10-13T16:19:44">
		<error message="unhashable type: 'list'" type="TypeError">
<![CDATA[Traceback (most recent call last):
  File "/home/student/Desktop/SystemProgramming/Projects/NolanWilliamsProject2/src/unittest/python/decode_tolerance_tests.py", line 14, in testGetToleranceGreenBand
    self.assertEquals(0.5, decodeTolerance([["brown", "red", "blue", "green"]]))
  File "/home/student/Desktop/SystemProgramming/Projects/NolanWilliamsProject2/src/main/python/resistor.py", line 44, in decodeTolerance
    return resistor_colors[last_band]["tolerance"]
TypeError: unhashable type: 'list'
]]>		</error>
		<system-out>
<![CDATA[]]>		</system-out>
		<system-err>
<![CDATA[]]>		</system-err>
	</testcase>
	<testcase classname="decode_tolerance_tests.TestDecodeTolerance" file="src/unittest/python/decode_tolerance_tests.py" line="22" name="testGetToleranceGreyBand" time="0.000" timestamp="2019-10-13T16:19:44">
		<error message="unhashable type: 'list'" type="TypeError">
<![CDATA[Traceback (most recent call last):
  File "/home/student/Desktop/SystemProgramming/Projects/NolanWilliamsProject2/src/unittest/python/decode_tolerance_tests.py", line 23, in testGetToleranceGreyBand
    self.assertEquals(0.05, decodeTolerance([["brown", "red", "blue", "grey"]]))
  File "/home/student/Desktop/SystemProgramming/Projects/NolanWilliamsProject2/src/main/python/resistor.py", line 44, in decodeTolerance
    return resistor_colors[last_band]["tolerance"]
TypeError: unhashable type: 'list'
]]>		</error>
		<system-out>
<![CDATA[]]>		</system-out>
		<system-err>
<![CDATA[]]>		</system-err>
	</testcase>
	<testcase classname="decode_tolerance_tests.TestDecodeTolerance" file="src/unittest/python/decode_tolerance_tests.py" line="31" name="testGetToleranceNoneBand" time="0.000" timestamp="2019-10-13T16:19:44">
		<error message="unhashable type: 'list'" type="TypeError">
<![CDATA[Traceback (most recent call last):
  File "/home/student/Desktop/SystemProgramming/Projects/NolanWilliamsProject2/src/unittest/python/decode_tolerance_tests.py", line 32, in testGetToleranceNoneBand
    self.assertEquals(20, decodeTolerance([["brown", "red", "blue", "none"]]))
  File "/home/student/Desktop/SystemProgramming/Projects/NolanWilliamsProject2/src/main/python/resistor.py", line 44, in decodeTolerance
    return resistor_colors[last_band]["tolerance"]
TypeError: unhashable type: 'list'
]]>		</error>
		<system-out>
<![CDATA[]]>		</system-out>
		<system-err>
<![CDATA[]]>		</system-err>
	</testcase>
	<testcase classname="decode_tolerance_tests.TestDecodeTolerance" file="src/unittest/python/decode_tolerance_tests.py" line="10" name="testGetToleranceRedBand" time="0.000" timestamp="2019-10-13T16:19:44">
		<error message="unhashable type: 'list'" type="TypeError">
<![CDATA[Traceback (most recent call last):
  File "/home/student/Desktop/SystemProgramming/Projects/NolanWilliamsProject2/src/unittest/python/decode_tolerance_tests.py", line 11, in testGetToleranceRedBand
    self.assertEquals(2, decodeTolerance([["brown", "red", "blue", "red"]]))
  File "/home/student/Desktop/SystemProgramming/Projects/NolanWilliamsProject2/src/main/python/resistor.py", line 44, in decodeTolerance
    return resistor_colors[last_band]["tolerance"]
TypeError: unhashable type: 'list'
]]>		</error>
		<system-out>
<![CDATA[]]>		</system-out>
		<system-err>
<![CDATA[]]>		</system-err>
	</testcase>
	<testcase classname="decode_tolerance_tests.TestDecodeTolerance" file="src/unittest/python/decode_tolerance_tests.py" line="28" name="testGetToleranceSilverBand" time="0.000" timestamp="2019-10-13T16:19:44">
		<error message="unhashable type: 'list'" type="TypeError">
<![CDATA[Traceback (most recent call last):
  File "/home/student/Desktop/SystemProgramming/Projects/NolanWilliamsProject2/src/unittest/python/decode_tolerance_tests.py", line 29, in testGetToleranceSilverBand
    self.assertEquals(10, decodeTolerance([["brown", "red", "blue", "silver"]]))
  File "/home/student/Desktop/SystemProgramming/Projects/NolanWilliamsProject2/src/main/python/resistor.py", line 44, in decodeTolerance
    return resistor_colors[last_band]["tolerance"]
TypeError: unhashable type: 'list'
]]>		</error>
		<system-out>
<![CDATA[]]>		</system-out>
		<system-err>
<![CDATA[]]>		</system-err>
	</testcase>
	<testcase classname="decode_tolerance_tests.TestDecodeTolerance" file="src/unittest/python/decode_tolerance_tests.py" line="19" name="testGetToleranceVioletBand" time="0.000" timestamp="2019-10-13T16:19:44">
		<error message="unhashable type: 'list'" type="TypeError">
<![CDATA[Traceback (most recent call last):
  File "/home/student/Desktop/SystemProgramming/Projects/NolanWilliamsProject2/src/unittest/python/decode_tolerance_tests.py", line 20, in testGetToleranceVioletBand
    self.assertEquals(0.1, decodeTolerance([["brown", "red", "blue", "violet"]]))
  File "/home/student/Desktop/SystemProgramming/Projects/NolanWilliamsProject2/src/main/python/resistor.py", line 44, in decodeTolerance
    return resistor_colors[last_band]["tolerance"]
TypeError: unhashable type: 'list'
]]>		</error>
		<system-out>
<![CDATA[]]>		</system-out>
		<system-err>
<![CDATA[]]>		</system-err>
	</testcase>
</testsuite>
