<?xml version="1.0" encoding="UTF-8"?>
<testsuite errors="0" failures="0" file="decode_significant_figure_tests.py" name="decode_significant_figure_tests.TestDecodeSignificantFigures-20191013164111" skipped="0" tests="1" time="0.000" timestamp="2019-10-13T16:41:11">
	<testcase classname="decode_significant_figure_tests.TestDecodeSignificantFigures" file="src/unittest/python/decode_significant_figure_tests.py" line="7" name="testGetSignificantFiguresOf5BandResistor" time="0.000" timestamp="2019-10-13T16:41:11">
		<system-out>
<![CDATA[]]>		</system-out>
		<system-err>
<![CDATA[]]>		</system-err>
	</testcase>
</testsuite>
